<?xml version="1.0" encoding="UTF-8"?>
<coverage generated="1637312828">
  <project timestamp="1637312828">
    <package name="Elbformat\FieldHelperBundle\DependencyInjection\Compiler">
      <file name="/var/www/vendor/elbformat/field-helper-bundle/src/DependencyInjection/Compiler/FieldHelperPass.php">
        <class name="Elbformat\FieldHelperBundle\DependencyInjection\Compiler\FieldHelperPass" namespace="Elbformat\FieldHelperBundle\DependencyInjection\Compiler">
          <metrics complexity="3" methods="1" coveredmethods="1" conditionals="0" coveredconditionals="0" statements="11" coveredstatements="11" elements="12" coveredelements="12"/>
        </class>
        <line num="17" type="method" name="process" visibility="public" complexity="3" crap="3" count="2"/>
        <line num="18" type="stmt" count="2"/>
        <line num="21" type="stmt" count="2"/>
        <line num="23" type="stmt" count="2"/>
        <line num="24" type="stmt" count="2"/>
        <line num="25" type="stmt" count="2"/>
        <line num="26" type="stmt" count="2"/>
        <line num="27" type="stmt" count="1"/>
        <line num="29" type="stmt" count="1"/>
        <line num="30" type="stmt" count="1"/>
        <line num="32" type="stmt" count="2"/>
        <line num="33" type="stmt" count="2"/>
        <metrics loc="33" ncloc="26" classes="1" methods="1" coveredmethods="1" conditionals="0" coveredconditionals="0" statements="11" coveredstatements="11" elements="12" coveredelements="12"/>
      </file>
    </package>
    <package name="Elbformat\FieldHelperBundle\DependencyInjection">
      <file name="/var/www/vendor/elbformat/field-helper-bundle/src/DependencyInjection/ElbformatFieldHelperExtension.php">
        <class name="Elbformat\FieldHelperBundle\DependencyInjection\ElbformatFieldHelperExtension" namespace="Elbformat\FieldHelperBundle\DependencyInjection">
          <metrics complexity="1" methods="1" coveredmethods="1" conditionals="0" coveredconditionals="0" statements="3" coveredstatements="3" elements="4" coveredelements="4"/>
        </class>
        <line num="16" type="method" name="load" visibility="public" complexity="1" crap="1" count="1"/>
        <line num="18" type="stmt" count="1"/>
        <line num="19" type="stmt" count="1"/>
        <line num="20" type="stmt" count="1"/>
        <metrics loc="21" ncloc="18" classes="1" methods="1" coveredmethods="1" conditionals="0" coveredconditionals="0" statements="3" coveredstatements="3" elements="4" coveredelements="4"/>
      </file>
    </package>
    <package name="Elbformat\FieldHelperBundle">
      <file name="/var/www/vendor/elbformat/field-helper-bundle/src/ElbformatFieldHelperBundle.php">
        <class name="Elbformat\FieldHelperBundle\ElbformatFieldHelperBundle" namespace="Elbformat\FieldHelperBundle">
          <metrics complexity="1" methods="1" coveredmethods="1" conditionals="0" coveredconditionals="0" statements="3" coveredstatements="3" elements="4" coveredelements="4"/>
        </class>
        <line num="15" type="method" name="build" visibility="public" complexity="1" crap="1" count="1"/>
        <line num="17" type="stmt" count="1"/>
        <line num="19" type="stmt" count="1"/>
        <line num="20" type="stmt" count="1"/>
        <metrics loc="21" ncloc="18" classes="1" methods="1" coveredmethods="1" conditionals="0" coveredconditionals="0" statements="3" coveredstatements="3" elements="4" coveredelements="4"/>
      </file>
    </package>
    <package name="Elbformat\FieldHelperBundle\Exception">
      <file name="/var/www/vendor/elbformat/field-helper-bundle/src/Exception/FieldNotFoundException.php">
        <class name="Elbformat\FieldHelperBundle\Exception\FieldNotFoundException" namespace="Elbformat\FieldHelperBundle\Exception">
          <metrics complexity="1" methods="1" coveredmethods="1" conditionals="0" coveredconditionals="0" statements="2" coveredstatements="2" elements="3" coveredelements="3"/>
        </class>
        <line num="15" type="method" name="fromContentAndField" visibility="public" complexity="1" crap="1" count="2"/>
        <line num="17" type="stmt" count="2"/>
        <line num="19" type="stmt" count="2"/>
        <metrics loc="21" ncloc="16" classes="1" methods="1" coveredmethods="1" conditionals="0" coveredconditionals="0" statements="2" coveredstatements="2" elements="3" coveredelements="3"/>
      </file>
      <file name="/var/www/vendor/elbformat/field-helper-bundle/src/Exception/InvalidFieldTypeException.php">
        <class name="Elbformat\FieldHelperBundle\Exception\InvalidFieldTypeException" namespace="Elbformat\FieldHelperBundle\Exception">
          <metrics complexity="2" methods="1" coveredmethods="1" conditionals="0" coveredconditionals="0" statements="4" coveredstatements="4" elements="5" coveredelements="5"/>
        </class>
        <line num="17" type="method" name="fromActualAndExpected" visibility="public" complexity="2" crap="2" count="2"/>
        <line num="19" type="stmt" count="2"/>
        <line num="20" type="stmt" count="1"/>
        <line num="22" type="stmt" count="2"/>
        <line num="24" type="stmt" count="2"/>
        <metrics loc="26" ncloc="17" classes="1" methods="1" coveredmethods="1" conditionals="0" coveredconditionals="0" statements="4" coveredstatements="4" elements="5" coveredelements="5"/>
      </file>
      <file name="/var/www/vendor/elbformat/field-helper-bundle/src/Exception/NotSetException.php">
        <class name="Elbformat\FieldHelperBundle\Exception\NotSetException" namespace="Elbformat\FieldHelperBundle\Exception">
          <metrics complexity="1" methods="1" coveredmethods="1" conditionals="0" coveredconditionals="0" statements="2" coveredstatements="2" elements="3" coveredelements="3"/>
        </class>
        <line num="15" type="method" name="fromContentAndFieldName" visibility="public" complexity="1" crap="1" count="1"/>
        <line num="17" type="stmt" count="1"/>
        <line num="19" type="stmt" count="1"/>
        <metrics loc="21" ncloc="16" classes="1" methods="1" coveredmethods="1" conditionals="0" coveredconditionals="0" statements="2" coveredstatements="2" elements="3" coveredelements="3"/>
      </file>
      <file name="/var/www/vendor/elbformat/field-helper-bundle/src/Exception/UnknownHelperException.php">
        <class name="Elbformat\FieldHelperBundle\Exception\UnknownHelperException" namespace="Elbformat\FieldHelperBundle\Exception">
          <metrics complexity="1" methods="1" coveredmethods="1" conditionals="0" coveredconditionals="0" statements="2" coveredstatements="2" elements="3" coveredelements="3"/>
        </class>
        <line num="14" type="method" name="fromClassName" visibility="public" complexity="1" crap="1" count="1"/>
        <line num="16" type="stmt" count="1"/>
        <line num="18" type="stmt" count="1"/>
        <metrics loc="20" ncloc="14" classes="1" methods="1" coveredmethods="1" conditionals="0" coveredconditionals="0" statements="2" coveredstatements="2" elements="3" coveredelements="3"/>
      </file>
    </package>
    <package name="Elbformat\FieldHelperBundle\FieldHelper">
      <file name="/var/www/vendor/elbformat/field-helper-bundle/src/FieldHelper/AbstractFieldHelper.php">
        <class name="Elbformat\FieldHelperBundle\FieldHelper\AbstractFieldHelper" namespace="Elbformat\FieldHelperBundle\FieldHelper">
          <metrics complexity="2" methods="1" coveredmethods="1" conditionals="0" coveredconditionals="0" statements="4" coveredstatements="4" elements="5" coveredelements="5"/>
        </class>
        <line num="18" type="method" name="getField" visibility="protected" complexity="2" crap="2" count="21"/>
        <line num="20" type="stmt" count="21"/>
        <line num="21" type="stmt" count="21"/>
        <line num="22" type="stmt" count="2"/>
        <line num="25" type="stmt" count="19"/>
        <metrics loc="27" ncloc="21" classes="1" methods="1" coveredmethods="1" conditionals="0" coveredconditionals="0" statements="4" coveredstatements="4" elements="5" coveredelements="5"/>
      </file>
      <file name="/var/www/vendor/elbformat/field-helper-bundle/src/FieldHelper/BoolFieldHelper.php">
        <class name="Elbformat\FieldHelperBundle\FieldHelper\BoolFieldHelper" namespace="Elbformat\FieldHelperBundle\FieldHelper">
          <metrics complexity="13" methods="5" coveredmethods="5" conditionals="0" coveredconditionals="0" statements="14" coveredstatements="14" elements="19" coveredelements="19"/>
        </class>
        <line num="17" type="method" name="getName" visibility="public" complexity="1" crap="1" count="2"/>
        <line num="19" type="stmt" count="2"/>
        <line num="22" type="method" name="getBoolean" visibility="public" complexity="2" crap="2" count="5"/>
        <line num="24" type="stmt" count="5"/>
        <line num="26" type="stmt" count="4"/>
        <line num="29" type="method" name="updateBoolean" visibility="public" complexity="5" crap="5" count="3"/>
        <line num="32" type="stmt" count="3"/>
        <line num="33" type="stmt" count="2"/>
        <line num="34" type="stmt" count="2"/>
        <line num="35" type="stmt" count="1"/>
        <line num="38" type="stmt" count="2"/>
        <line num="40" type="stmt" count="2"/>
        <line num="43" type="method" name="isBooleanEqual" visibility="protected" complexity="2" crap="2" count="2"/>
        <line num="45" type="stmt" count="2"/>
        <line num="47" type="stmt" count="2"/>
        <line num="50" type="method" name="getBooleanFieldValue" visibility="protected" complexity="3" crap="3" count="6"/>
        <line num="52" type="stmt" count="6"/>
        <line num="53" type="stmt" count="1"/>
        <line num="56" type="stmt" count="5"/>
        <metrics loc="58" ncloc="53" classes="1" methods="5" coveredmethods="5" conditionals="0" coveredconditionals="0" statements="14" coveredstatements="14" elements="19" coveredelements="19"/>
      </file>
      <file name="/var/www/vendor/elbformat/field-helper-bundle/src/FieldHelper/TextFieldHelper.php">
        <class name="Elbformat\FieldHelperBundle\FieldHelper\TextFieldHelper" namespace="Elbformat\FieldHelperBundle\FieldHelper">
          <metrics complexity="16" methods="6" coveredmethods="6" conditionals="0" coveredconditionals="0" statements="20" coveredstatements="20" elements="26" coveredelements="26"/>
        </class>
        <line num="22" type="method" name="getName" visibility="public" complexity="1" crap="1" count="1"/>
        <line num="24" type="stmt" count="1"/>
        <line num="27" type="method" name="getString" visibility="public" complexity="2" crap="2" count="7"/>
        <line num="29" type="stmt" count="7"/>
        <line num="31" type="stmt" count="5"/>
        <line num="32" type="stmt" count="1"/>
        <line num="35" type="stmt" count="4"/>
        <line num="38" type="method" name="getOptionalString" visibility="public" complexity="2" crap="2" count="12"/>
        <line num="40" type="stmt" count="12"/>
        <line num="42" type="stmt" count="11"/>
        <line num="45" type="method" name="updateString" visibility="public" complexity="4" crap="4" count="3"/>
        <line num="48" type="stmt" count="3"/>
        <line num="49" type="stmt" count="2"/>
        <line num="50" type="stmt" count="2"/>
        <line num="51" type="stmt" count="1"/>
        <line num="54" type="stmt" count="2"/>
        <line num="56" type="stmt" count="2"/>
        <line num="59" type="method" name="isStringEqual" visibility="protected" complexity="2" crap="2" count="2"/>
        <line num="61" type="stmt" count="2"/>
        <line num="63" type="stmt" count="2"/>
        <line num="66" type="method" name="getStringFieldValue" visibility="protected" complexity="5" crap="5" count="13"/>
        <line num="68" type="stmt" count="13"/>
        <line num="70" type="stmt" count="2"/>
        <line num="73" type="stmt" count="10"/>
        <line num="75" type="stmt" count="1"/>
        <line num="76" type="stmt" count="1"/>
        <metrics loc="79" ncloc="72" classes="1" methods="6" coveredmethods="6" conditionals="0" coveredconditionals="0" statements="20" coveredstatements="20" elements="26" coveredelements="26"/>
      </file>
    </package>
    <file name="/var/www/vendor/elbformat/field-helper-bundle/src/FieldHelper/FieldHelperInterface.php">
      <metrics loc="12" ncloc="7" classes="0" methods="0" coveredmethods="0" conditionals="0" coveredconditionals="0" statements="0" coveredstatements="0" elements="0" coveredelements="0"/>
    </file>
    <package name="Elbformat\FieldHelperBundle\Registry">
      <file name="/var/www/vendor/elbformat/field-helper-bundle/src/Registry/Registry.php">
        <class name="Elbformat\FieldHelperBundle\Registry\Registry" namespace="Elbformat\FieldHelperBundle\Registry">
          <metrics complexity="5" methods="4" coveredmethods="4" conditionals="0" coveredconditionals="0" statements="7" coveredstatements="7" elements="11" coveredelements="11"/>
        </class>
        <line num="22" type="method" name="__construct" visibility="public" complexity="1" crap="1" count="4"/>
        <line num="24" type="stmt" count="4"/>
        <line num="25" type="stmt" count="4"/>
        <line num="27" type="method" name="getFieldHelper" visibility="public" complexity="2" crap="2" count="4"/>
        <line num="29" type="stmt" count="4"/>
        <line num="30" type="stmt" count="1"/>
        <line num="32" type="stmt" count="3"/>
        <line num="37" type="method" name="getBoolFieldHelper" visibility="public" complexity="1" crap="1" count="1"/>
        <line num="39" type="stmt" count="1"/>
        <line num="42" type="method" name="getTextFieldHelper" visibility="public" complexity="1" crap="1" count="1"/>
        <line num="44" type="stmt" count="1"/>
        <metrics loc="47" ncloc="39" classes="1" methods="4" coveredmethods="4" conditionals="0" coveredconditionals="0" statements="7" coveredstatements="7" elements="11" coveredelements="11"/>
      </file>
    </package>
    <file name="/var/www/vendor/elbformat/field-helper-bundle/src/Registry/RegistryInterface.php">
      <metrics loc="9" ncloc="9" classes="0" methods="0" coveredmethods="0" conditionals="0" coveredconditionals="0" statements="0" coveredstatements="0" elements="0" coveredelements="0"/>
    </file>
    <metrics files="13" loc="395" ncloc="326" classes="11" methods="23" coveredmethods="23" conditionals="0" coveredconditionals="0" statements="72" coveredstatements="72" elements="95" coveredelements="95"/>
  </project>
</coverage>
